<?xml version="1.0" encoding="UTF-8"?>
<testng-results ignored="0" total="8" passed="8" failed="0" skipped="0">
  <reporter-output>
  </reporter-output>
  <suite started-at="2021-07-28T17:32:45 CEST" name="All Test Suite" finished-at="2021-07-28T17:33:00 CEST" duration-ms="15775">
    <groups>
    </groups>
    <test started-at="2021-07-28T17:32:45 CEST" name="test1" finished-at="2021-07-28T17:33:00 CEST" duration-ms="15775">
      <class name="learning.LoginTest">
        <test-method is-config="true" signature="initDriver()[pri:0, instance:learning.LoginTest@5aceec94]" started-at="2021-07-28T17:32:45 CEST" name="initDriver" finished-at="2021-07-28T17:32:46 CEST" duration-ms="1509" status="PASS">
          <reporter-output>
          </reporter-output>
        </test-method> <!-- initDriver -->
        <test-method is-config="true" signature="navigateToLoginPage()[pri:0, instance:learning.LoginTest@5aceec94]" started-at="2021-07-28T17:32:46 CEST" name="navigateToLoginPage" finished-at="2021-07-28T17:32:52 CEST" duration-ms="5898" status="PASS">
          <reporter-output>
          </reporter-output>
        </test-method> <!-- navigateToLoginPage -->
        <test-method signature="LoginTest_enterGoodEmails_changeURL(java.lang.String, java.lang.String)[pri:1, instance:learning.LoginTest@5aceec94]" started-at="2021-07-28T17:32:52 CEST" name="LoginTest_enterGoodEmails_changeURL" data-provider="getDataGoodEmails" finished-at="2021-07-28T17:32:52 CEST" duration-ms="327" status="PASS">
          <params>
            <param index="0">
              <value>
                <![CDATA[nonrestricteduser@mail.com]]>
              </value>
            </param>
            <param index="1">
              <value>
                <![CDATA[qwerty1234]]>
              </value>
            </param>
          </params>
          <reporter-output>
          </reporter-output>
        </test-method> <!-- LoginTest_enterGoodEmails_changeURL -->
        <test-method is-config="true" signature="navigateToLoginPage()[pri:0, instance:learning.LoginTest@5aceec94]" started-at="2021-07-28T17:32:52 CEST" name="navigateToLoginPage" finished-at="2021-07-28T17:32:55 CEST" duration-ms="2368" status="PASS">
          <reporter-output>
          </reporter-output>
        </test-method> <!-- navigateToLoginPage -->
        <test-method signature="LoginTest_enterGoodEmails_changeURL(java.lang.String, java.lang.String)[pri:1, instance:learning.LoginTest@5aceec94]" started-at="2021-07-28T17:32:55 CEST" name="LoginTest_enterGoodEmails_changeURL" data-provider="getDataGoodEmails" finished-at="2021-07-28T17:32:55 CEST" duration-ms="330" status="PASS">
          <params>
            <param index="0">
              <value>
                <![CDATA[restricteduser2@mail.com]]>
              </value>
            </param>
            <param index="1">
              <value>
                <![CDATA[qwerty1234]]>
              </value>
            </param>
          </params>
          <reporter-output>
          </reporter-output>
        </test-method> <!-- LoginTest_enterGoodEmails_changeURL -->
        <test-method is-config="true" signature="navigateToLoginPage()[pri:0, instance:learning.LoginTest@5aceec94]" started-at="2021-07-28T17:32:55 CEST" name="navigateToLoginPage" finished-at="2021-07-28T17:32:57 CEST" duration-ms="2443" status="PASS">
          <reporter-output>
          </reporter-output>
        </test-method> <!-- navigateToLoginPage -->
        <test-method signature="LoginTest_enterWrongEmails_LoginErrorMsg(java.lang.String, java.lang.String)[pri:2, instance:learning.LoginTest@5aceec94]" started-at="2021-07-28T17:32:57 CEST" name="LoginTest_enterWrongEmails_LoginErrorMsg" data-provider="getDataWrongEmails" finished-at="2021-07-28T17:32:58 CEST" duration-ms="222" status="PASS">
          <params>
            <param index="0">
              <value>
                <![CDATA[nonrestricteduser_mail.com]]>
              </value>
            </param>
            <param index="1">
              <value>
                <![CDATA[qwerty1234]]>
              </value>
            </param>
          </params>
          <reporter-output>
          </reporter-output>
        </test-method> <!-- LoginTest_enterWrongEmails_LoginErrorMsg -->
        <test-method is-config="true" signature="navigateToLoginPage()[pri:0, instance:learning.LoginTest@5aceec94]" started-at="2021-07-28T17:32:58 CEST" name="navigateToLoginPage" finished-at="2021-07-28T17:33:00 CEST" duration-ms="2422" status="PASS">
          <reporter-output>
          </reporter-output>
        </test-method> <!-- navigateToLoginPage -->
        <test-method signature="LoginTest_enterWrongEmails_LoginErrorMsg(java.lang.String, java.lang.String)[pri:2, instance:learning.LoginTest@5aceec94]" started-at="2021-07-28T17:33:00 CEST" name="LoginTest_enterWrongEmails_LoginErrorMsg" data-provider="getDataWrongEmails" finished-at="2021-07-28T17:33:00 CEST" duration-ms="198" status="PASS">
          <params>
            <param index="0">
              <value>
                <![CDATA[restricteduser2_mail.com]]>
              </value>
            </param>
            <param index="1">
              <value>
                <![CDATA[qwerty1234]]>
              </value>
            </param>
          </params>
          <reporter-output>
          </reporter-output>
        </test-method> <!-- LoginTest_enterWrongEmails_LoginErrorMsg -->
        <test-method is-config="true" signature="closeDriver()[pri:0, instance:learning.LoginTest@5aceec94]" started-at="2021-07-28T17:33:00 CEST" name="closeDriver" finished-at="2021-07-28T17:33:00 CEST" duration-ms="23" status="PASS">
          <reporter-output>
          </reporter-output>
        </test-method> <!-- closeDriver -->
      </class> <!-- learning.LoginTest -->
    </test> <!-- test1 -->
  </suite> <!-- All Test Suite -->
  <suite started-at="2021-07-28T17:33:01 CEST" name="All Test Suite (0)" finished-at="2021-07-28T17:33:31 CEST" duration-ms="30836">
    <groups>
      <group name="cucumber">
        <method signature="AbstractTestNGCucumberTests.runScenario(io.cucumber.testng.PickleWrapper, io.cucumber.testng.FeatureWrapper)[pri:0, instance:cucumberOptions.TestRunner@2ca47471]" name="runScenario" class="io.cucumber.testng.AbstractTestNGCucumberTests"/>
      </group> <!-- cucumber -->
    </groups>
    <test started-at="2021-07-28T17:33:01 CEST" name="test1" finished-at="2021-07-28T17:33:31 CEST" duration-ms="30836">
      <class name="cucumberOptions.TestRunner">
        <test-method is-config="true" signature="setUpClass()[pri:0, instance:cucumberOptions.TestRunner@2ca47471]" started-at="2021-07-28T17:33:01 CEST" name="setUpClass" finished-at="2021-07-28T17:33:01 CEST" duration-ms="157" status="PASS">
          <reporter-output>
          </reporter-output>
        </test-method> <!-- setUpClass -->
        <test-method signature="runScenario(io.cucumber.testng.PickleWrapper, io.cucumber.testng.FeatureWrapper)[pri:0, instance:cucumberOptions.TestRunner@2ca47471]" started-at="2021-07-28T17:33:01 CEST" name="runScenario" description="Runs Cucumber Scenarios" data-provider="scenarios" finished-at="2021-07-28T17:33:08 CEST" duration-ms="7732" status="PASS">
          <params>
            <param index="0">
              <value>
                <![CDATA["Positive test validating login with good email format"]]>
              </value>
            </param>
            <param index="1">
              <value>
                <![CDATA["Optional[Login into Website]"]]>
              </value>
            </param>
          </params>
          <reporter-output>
          </reporter-output>
        </test-method> <!-- runScenario -->
        <test-method signature="runScenario(io.cucumber.testng.PickleWrapper, io.cucumber.testng.FeatureWrapper)[pri:0, instance:cucumberOptions.TestRunner@2ca47471]" started-at="2021-07-28T17:33:08 CEST" name="runScenario" description="Runs Cucumber Scenarios" data-provider="scenarios" finished-at="2021-07-28T17:33:17 CEST" duration-ms="8097" status="PASS">
          <params>
            <param index="0">
              <value>
                <![CDATA["Positive test validating login with good email format"]]>
              </value>
            </param>
            <param index="1">
              <value>
                <![CDATA["Optional[Login into Website]"]]>
              </value>
            </param>
          </params>
          <reporter-output>
          </reporter-output>
        </test-method> <!-- runScenario -->
        <test-method signature="runScenario(io.cucumber.testng.PickleWrapper, io.cucumber.testng.FeatureWrapper)[pri:0, instance:cucumberOptions.TestRunner@2ca47471]" started-at="2021-07-28T17:33:17 CEST" name="runScenario" description="Runs Cucumber Scenarios" data-provider="scenarios" finished-at="2021-07-28T17:33:23 CEST" duration-ms="6916" status="PASS">
          <params>
            <param index="0">
              <value>
                <![CDATA["Negative test validating login with bad email format"]]>
              </value>
            </param>
            <param index="1">
              <value>
                <![CDATA["Optional[Login into Website]"]]>
              </value>
            </param>
          </params>
          <reporter-output>
          </reporter-output>
        </test-method> <!-- runScenario -->
        <test-method signature="runScenario(io.cucumber.testng.PickleWrapper, io.cucumber.testng.FeatureWrapper)[pri:0, instance:cucumberOptions.TestRunner@2ca47471]" started-at="2021-07-28T17:33:23 CEST" name="runScenario" description="Runs Cucumber Scenarios" data-provider="scenarios" finished-at="2021-07-28T17:33:31 CEST" duration-ms="7934" status="PASS">
          <params>
            <param index="0">
              <value>
                <![CDATA["Negative test validating login with bad email format"]]>
              </value>
            </param>
            <param index="1">
              <value>
                <![CDATA["Optional[Login into Website]"]]>
              </value>
            </param>
          </params>
          <reporter-output>
          </reporter-output>
        </test-method> <!-- runScenario -->
        <test-method is-config="true" signature="tearDownClass()[pri:0, instance:cucumberOptions.TestRunner@2ca47471]" started-at="2021-07-28T17:33:31 CEST" name="tearDownClass" finished-at="2021-07-28T17:33:31 CEST" duration-ms="0" status="PASS">
          <reporter-output>
          </reporter-output>
        </test-method> <!-- tearDownClass -->
      </class> <!-- cucumberOptions.TestRunner -->
    </test> <!-- test1 -->
  </suite> <!-- All Test Suite (0) -->
</testng-results>
