<?xml version="1.0" encoding="UTF-8"?>
<testsuite xmlns:xsi="http://www.w3.org/2001/XMLSchema-instance" xsi:noNamespaceSchemaLocation="https://maven.apache.org/surefire/maven-surefire-plugin/xsd/surefire-test-report-3.0.xsd" version="3.0" name="TestSuite" time="47.552" tests="9" errors="0" skipped="0" failures="0">
  <properties>
[...]
</properties>
  <testcase name="validateNavBar_checkItsPresent_itsPresent" classname="learning.ValidateNavigationBarTest" time="4.13">
    <system-out><![CDATA[[TestNG] [WARN] Ignoring duplicate listener : learning.Listeners
[TestNG] [WARN] AnnotationTransformer already set
]]></system-out>
    <system-err><![CDATA[Starting ChromeDriver 91.0.4472.101 (af52a90bf87030dd1523486a1cd3ae25c5d76c9b-refs/branch-heads/4472@{S#146t2}a) orn tporti 7n5g92 Ch
rOonmleDyri vlero 9c1a.l0 .c4o4n7n2.e1c01t (aif52ao90nbsf8 7a0re3 a0lldodw1e5d23.48
6Pale1cadse3 asee2e5 ch5td7tp6cs:9b/-/crhefsr/obmerdanrichv-erh.ecahdsr/o4m4i72u@m{.#o1r46g/2}s)e cuonr iptoyr-tc o2ns09id5e7r
atOinolny s lofcoarl s ucogngensetcitoinosn osn a re kaleloweedp.i
Pnlegas e Cseher omhetDtrips:v//echrrom edrsivera.chfromieum..org/sec
urity-considerations for suggestions on keeping ChromeDriver safe.
ChromeDriver was started successfully.
ChromeDriver was started successfully.
[1627486366.408][WARNING]: This version of ChromeDriver has not been tested with Chrome version 92.
Jul 28, 2021 5:32:46 PM org.openqa.selenium.remote.ProtocolHandshake createSession
INFO: Detected dialect: W3C
[1627486366.501][WARNING]: This version of ChromeDriver has not been tested with Chrome version 92.
Jul 28, 2021 5:32:46 PM org.openqa.selenium.remote.ProtocolHandshake createSession
INFO: Detected dialect: W3C
]]></system-err>
  </testcase>
  <testcase name="LoginTest_enterGoodEmails_changeURL[nonrestricteduser@mail.com, qwerty1234](1)" classname="learning.LoginTest" time="0.327"/>
  <testcase name="LoginTest_enterGoodEmails_changeURL[restricteduser2@mail.com, qwerty1234](2)" classname="learning.LoginTest" time="0.331"/>
  <testcase name="LoginTest_enterWrongEmails_LoginErrorMsg[nonrestricteduser_mail.com, qwerty1234](1)" classname="learning.LoginTest" time="0.223"/>
  <testcase name="LoginTest_enterWrongEmails_LoginErrorMsg[restricteduser2_mail.com, qwerty1234](2)" classname="learning.LoginTest" time="0.198"/>
  <testcase name="runScenario[&quot;Positive test validating login with good email format&quot;, &quot;Optional[Login into Website]&quot;](1)" classname="cucumberOptions.TestRunner" time="7.748">
    <system-err><![CDATA[Starting ChromeDriver 91.0.4472.101 (af52a90bf87030dd1523486a1cd3ae25c5d76c9b-refs/branch-heads/4472@{#1462}) on port 8595
Only local connections are allowed.
Please see https://chromedriver.chromium.org/security-considerations for suggestions on keeping ChromeDriver safe.
ChromeDriver was started successfully.
[1627486382.285][WARNING]: This version of ChromeDriver has not been tested with Chrome version 92.
Jul 28, 2021 5:33:02 PM org.openqa.selenium.remote.ProtocolHandshake createSession
INFO: Detected dialect: W3C
]]></system-err>
  </testcase>
  <testcase name="runScenario[&quot;Positive test validating login with good email format&quot;, &quot;Optional[Login into Website]&quot;](2)" classname="cucumberOptions.TestRunner" time="8.097">
    <system-err><![CDATA[Starting ChromeDriver 91.0.4472.101 (af52a90bf87030dd1523486a1cd3ae25c5d76c9b-refs/branch-heads/4472@{#1462}) on port 30877
Only local connections are allowed.
Please see https://chromedriver.chromium.org/security-considerations for suggestions on keeping ChromeDriver safe.
ChromeDriver was started successfully.
[1627486389.949][WARNING]: This version of ChromeDriver has not been tested with Chrome version 92.
Jul 28, 2021 5:33:09 PM org.openqa.selenium.remote.ProtocolHandshake createSession
INFO: Detected dialect: W3C
]]></system-err>
  </testcase>
  <testcase name="runScenario[&quot;Negative test validating login with bad email format&quot;, &quot;Optional[Login into Website]&quot;](3)" classname="cucumberOptions.TestRunner" time="6.916">
    <system-err><![CDATA[Starting ChromeDriver 91.0.4472.101 (af52a90bf87030dd1523486a1cd3ae25c5d76c9b-refs/branch-heads/4472@{#1462}) on port 38293
Only local connections are allowed.
Please see https://chromedriver.chromium.org/security-considerations for suggestions on keeping ChromeDriver safe.
ChromeDriver was started successfully.
[1627486398.047][WARNING]: This version of ChromeDriver has not been tested with Chrome version 92.
Jul 28, 2021 5:33:18 PM org.openqa.selenium.remote.ProtocolHandshake createSession
INFO: Detected dialect: W3C
]]></system-err>
  </testcase>
  <testcase name="runScenario[&quot;Negative test validating login with bad email format&quot;, &quot;Optional[Login into Website]&quot;](4)" classname="cucumberOptions.TestRunner" time="7.934">
    <system-err><![CDATA[Starting ChromeDriver 91.0.4472.101 (af52a90bf87030dd1523486a1cd3ae25c5d76c9b-refs/branch-heads/4472@{#1462}) on port 42759
Only local connections are allowed.
Please see https://chromedriver.chromium.org/security-considerations for suggestions on keeping ChromeDriver safe.
ChromeDriver was started successfully.
[1627486404.964][WARNING]: This version of ChromeDriver has not been tested with Chrome version 92.
Jul 28, 2021 5:33:24 PM org.openqa.selenium.remote.ProtocolHandshake createSession
INFO: Detected dialect: W3C
]]></system-err>
  </testcase>
</testsuite>