<?xml version="1.0" encoding="UTF-8"?>
<!-- Generated by org.testng.reporters.JUnitXMLReporter -->
<testsuite ignored="0" hostname="DESKTOP-MS6R79T" failures="0" tests="5" name="test1" time="15.775" errors="0" timestamp="2021-07-28T17:33:01 CEST">
  <testcase classname="learning.ValidateNavigationBarTest" name="validateNavBar_checkItsPresent_itsPresent" time="4.183"/>
  <testcase classname="learning.LoginTest" name="LoginTest_enterGoodEmails_changeURL" time="0.327"/>
  <testcase classname="learning.LoginTest" name="LoginTest_enterGoodEmails_changeURL" time="0.33"/>
  <testcase classname="learning.LoginTest" name="LoginTest_enterWrongEmails_LoginErrorMsg" time="0.222"/>
  <testcase classname="learning.LoginTest" name="LoginTest_enterWrongEmails_LoginErrorMsg" time="0.198"/>
</testsuite> <!-- test1 -->
